<?xml version="1.0" encoding="UTF-8"?>
<!-- Generated by org.testng.reporters.JUnitXMLReporter -->
<testsuite hostname="01HW808506" ignored="9" name="Reg Search CB Student" tests="6" failures="0" timestamp="08 Jul 2019 13:05:30 GMT" time="137.794" errors="0">
  <testcase name="loginWebAssistCorrect" time="18.263" classname="webassist.login.LoginTest"/>
  <testcase name="enterRole" time="7.631" classname="webassist.role.RoleTest"/>
  <testcase name="RegSearchTestMethodCBStudentClear" time="8.76" classname="webassist.regSearch.RegSearchCBStudentTest"/>
  <testcase name="RegSearchTestMethodCBStudentInvalid" time="27.211" classname="webassist.regSearch.RegSearchCBStudentTest"/>
  <testcase name="RegSearchTestMethodCBStudentInvalidLength" time="35.155" classname="webassist.regSearch.RegSearchCBStudentTest"/>
  <testcase name="RegSearchTestMethodCBStudentCorrect" time="8.814" classname="webassist.regSearch.RegSearchCBStudentTest"/>
  <testcase name="loginWebAssistIncorrectPassword" time="0.0" classname="webassist.login.LoginTest">
    <ignored/>
  </testcase> <!-- loginWebAssistIncorrectPassword -->
  <testcase name="@BeforeTest beforeTestSetup" time="0.0" classname="webassist.BaseTest">
    <ignored/>
  </testcase> <!-- @BeforeTest beforeTestSetup -->
  <testcase name="@BeforeTest beforeTestSetup" time="0.0" classname="webassist.BaseTest">
    <ignored/>
  </testcase> <!-- @BeforeTest beforeTestSetup -->
  <testcase name="loginWebAssistIncorrectUserName" time="0.0" classname="webassist.login.LoginTest">
    <ignored/>
  </testcase> <!-- loginWebAssistIncorrectUserName -->
  <testcase name="enterRoleName" time="0.0" classname="webassist.role.RoleTest">
    <ignored/>
  </testcase> <!-- enterRoleName -->
  <testcase name="@AfterTest closeAll" time="0.0" classname="webassist.BaseTest">
    <ignored/>
  </testcase> <!-- @AfterTest closeAll -->
  <testcase name="@AfterTest closeAll" time="0.0" classname="webassist.BaseTest">
    <ignored/>
  </testcase> <!-- @AfterTest closeAll -->
  <testcase name="@BeforeSuite beforeSuiteSetup" time="0.0" classname="webassist.BaseTest">
    <ignored/>
  </testcase> <!-- @BeforeSuite beforeSuiteSetup -->
  <testcase name="@BeforeSuite beforeSuiteSetup" time="0.0" classname="webassist.BaseTest">
    <ignored/>
  </testcase> <!-- @BeforeSuite beforeSuiteSetup -->
</testsuite> <!-- Reg Search CB Student -->
