<?xml version="1.0" encoding="UTF-8"?>
<!-- Generated by org.testng.reporters.JUnitXMLReporter -->
<testsuite hostname="01HW808506" ignored="9" name="AS Search UIN" tests="14" failures="0" timestamp="11 Jul 2019 13:21:41 GMT" time="130.933" errors="0">
  <testcase name="loginWebAssistCorrect" time="13.228" classname="webassist.login.LoginTest"/>
  <testcase name="enterRole" time="8.071" classname="webassist.role.RoleTest"/>
  <testcase name="ASSearchTestMethodUINClear" time="40.641" classname="webassist.asSearch.ASSearchUINTest"/>
  <testcase name="ASSearchTestMethodUINInvalid" time="14.919" classname="webassist.asSearch.ASSearchUINTest"/>
  <testcase name="ASSearchTestMethodUINCorrect" time="5.018" classname="webassist.asSearch.ASSearchUINTest"/>
  <testcase name="ASSearchTestMethodUINOutputValidation" time="0.015" classname="webassist.asSearch.ASSearchUINTest"/>
  <testcase name="ASSearchTestMethodUINOutputValidation" time="0.016" classname="webassist.asSearch.ASSearchUINTest"/>
  <testcase name="ASSearchTestMethodUINOutputValidation" time="0.015" classname="webassist.asSearch.ASSearchUINTest"/>
  <testcase name="ASSearchTestMethodUINOutputValidation" time="0.016" classname="webassist.asSearch.ASSearchUINTest"/>
  <testcase name="ASSearchTestMethodUINOutputValidation" time="0.016" classname="webassist.asSearch.ASSearchUINTest"/>
  <testcase name="ASSearchTestMethodUINOutputValidation" time="0.015" classname="webassist.asSearch.ASSearchUINTest"/>
  <testcase name="ASSearchTestMethodUINOutputValidation" time="0.016" classname="webassist.asSearch.ASSearchUINTest"/>
  <testcase name="ASSearchTestMethodUINOutputValidation" time="0.015" classname="webassist.asSearch.ASSearchUINTest"/>
  <testcase name="ASSearchTestMethodUINPageResults" time="16.26" classname="webassist.asSearch.ASSearchUINTest"/>
  <testcase name="loginWebAssistIncorrectPassword" time="0.0" classname="webassist.login.LoginTest">
    <ignored/>
  </testcase> <!-- loginWebAssistIncorrectPassword -->
  <testcase name="@BeforeTest beforeTestSetup" time="0.0" classname="webassist.BaseTest">
    <ignored/>
  </testcase> <!-- @BeforeTest beforeTestSetup -->
  <testcase name="@BeforeTest beforeTestSetup" time="0.0" classname="webassist.BaseTest">
    <ignored/>
  </testcase> <!-- @BeforeTest beforeTestSetup -->
  <testcase name="loginWebAssistIncorrectUserName" time="0.0" classname="webassist.login.LoginTest">
    <ignored/>
  </testcase> <!-- loginWebAssistIncorrectUserName -->
  <testcase name="enterRoleName" time="0.0" classname="webassist.role.RoleTest">
    <ignored/>
  </testcase> <!-- enterRoleName -->
  <testcase name="@AfterTest closeAll" time="0.0" classname="webassist.BaseTest">
    <ignored/>
  </testcase> <!-- @AfterTest closeAll -->
  <testcase name="@AfterTest closeAll" time="0.0" classname="webassist.BaseTest">
    <ignored/>
  </testcase> <!-- @AfterTest closeAll -->
  <testcase name="@BeforeSuite beforeSuiteSetup" time="0.0" classname="webassist.BaseTest">
    <ignored/>
  </testcase> <!-- @BeforeSuite beforeSuiteSetup -->
  <testcase name="@BeforeSuite beforeSuiteSetup" time="0.0" classname="webassist.BaseTest">
    <ignored/>
  </testcase> <!-- @BeforeSuite beforeSuiteSetup -->
</testsuite> <!-- AS Search UIN -->
