<?xml version="1.0" encoding="UTF-8"?>
<!-- Generated by org.testng.reporters.JUnitXMLReporter -->
<testsuite hostname="01HW808506" ignored="9" name="AS Search by PAS" tests="14" failures="0" timestamp="05 Aug 2019 08:50:51 GMT" time="112.807" errors="0">
  <testcase name="loginWebAssistCorrect" time="12.97" classname="webassist.login.LoginTest"/>
  <testcase name="enterRole" time="7.438" classname="webassist.role.RoleTest"/>
  <testcase name="ASSearchTestMethodPASClear" time="19.027" classname="webassist.asSearch.ASSearchPASTest"/>
  <testcase name="ASSearchTestMethodPASInvalid" time="26.599" classname="webassist.asSearch.ASSearchPASTest"/>
  <testcase name="ASSearchTestMethodPASCorrect" time="7.115" classname="webassist.asSearch.ASSearchPASTest"/>
  <testcase name="ASSearchTestMethodPASOutputValidation" time="0.012" classname="webassist.asSearch.ASSearchPASTest"/>
  <testcase name="ASSearchTestMethodPASOutputValidation" time="0.01" classname="webassist.asSearch.ASSearchPASTest"/>
  <testcase name="ASSearchTestMethodPASOutputValidation" time="0.011" classname="webassist.asSearch.ASSearchPASTest"/>
  <testcase name="ASSearchTestMethodPASOutputValidation" time="0.011" classname="webassist.asSearch.ASSearchPASTest"/>
  <testcase name="ASSearchTestMethodPASOutputValidation" time="0.008" classname="webassist.asSearch.ASSearchPASTest"/>
  <testcase name="ASSearchTestMethodPASOutputValidation" time="0.008" classname="webassist.asSearch.ASSearchPASTest"/>
  <testcase name="ASSearchTestMethodPASOutputValidation" time="0.008" classname="webassist.asSearch.ASSearchPASTest"/>
  <testcase name="ASSearchTestMethodPASOutputValidation" time="0.008" classname="webassist.asSearch.ASSearchPASTest"/>
  <testcase name="ASSearchTestMethodPASPageResults" time="15.203" classname="webassist.asSearch.ASSearchPASTest"/>
  <testcase name="loginWebAssistIncorrectPassword" time="0.0" classname="webassist.login.LoginTest">
    <ignored/>
  </testcase> <!-- loginWebAssistIncorrectPassword -->
  <testcase name="@BeforeTest beforeTestSetup" time="0.0" classname="webassist.BaseTest">
    <ignored/>
  </testcase> <!-- @BeforeTest beforeTestSetup -->
  <testcase name="@BeforeTest beforeTestSetup" time="0.0" classname="webassist.BaseTest">
    <ignored/>
  </testcase> <!-- @BeforeTest beforeTestSetup -->
  <testcase name="loginWebAssistIncorrectUserName" time="0.0" classname="webassist.login.LoginTest">
    <ignored/>
  </testcase> <!-- loginWebAssistIncorrectUserName -->
  <testcase name="enterRoleName" time="0.0" classname="webassist.role.RoleTest">
    <ignored/>
  </testcase> <!-- enterRoleName -->
  <testcase name="@AfterTest closeAll" time="0.0" classname="webassist.BaseTest">
    <ignored/>
  </testcase> <!-- @AfterTest closeAll -->
  <testcase name="@AfterTest closeAll" time="0.0" classname="webassist.BaseTest">
    <ignored/>
  </testcase> <!-- @AfterTest closeAll -->
  <testcase name="@BeforeSuite beforeSuiteSetup" time="0.0" classname="webassist.BaseTest">
    <ignored/>
  </testcase> <!-- @BeforeSuite beforeSuiteSetup -->
  <testcase name="@BeforeSuite beforeSuiteSetup" time="0.0" classname="webassist.BaseTest">
    <ignored/>
  </testcase> <!-- @BeforeSuite beforeSuiteSetup -->
</testsuite> <!-- AS Search by PAS -->
