<?xml version="1.0" encoding="UTF-8"?>
<!-- Generated by org.testng.reporters.JUnitXMLReporter -->
<testsuite hostname="01HW902838" ignored="9" name="AS Search UIN" tests="7" failures="1" timestamp="03 Sep 2019 11:06:39 GMT" time="103.374" errors="0">
  <testcase name="loginWebAssistCorrect" time="16.749" classname="webassist.login.LoginTest"/>
  <testcase name="enterRole" time="7.901" classname="webassist.role.RoleTest"/>
  <testcase name="ASSearchTestMethodUINClear" time="16.601" classname="webassist.asSearch.ASSearchUINTest"/>
  <testcase name="ASSearchTestMethodUINInvalid" time="14.46" classname="webassist.asSearch.ASSearchUINTest"/>
  <testcase name="ASSearchTestMethodUINCorrect" time="14.463" classname="webassist.asSearch.ASSearchUINTest">
    <failure type="java.lang.AssertionError" message="Unable to Search using UIN  expected [true] but found [false]">
      <![CDATA[java.lang.AssertionError: Unable to Search using UIN  expected [true] but found [false]
at webassist.asSearch.ASSearchUINTest.ASSearchTestMethodUINCorrect(ASSearchUINTest.java:53)
... Removed 28 stack frames]]>
    </failure>
  </testcase> <!-- ASSearchTestMethodUINCorrect -->
  <testcase name="ASSearchTestMethodUINOutputValidation" time="0.0" classname="webassist.asSearch.ASSearchUINTest">
    <skipped/>
  </testcase> <!-- ASSearchTestMethodUINOutputValidation -->
  <testcase name="ASSearchTestMethodUINPageResults" time="0.0" classname="webassist.asSearch.ASSearchUINTest">
    <skipped/>
  </testcase> <!-- ASSearchTestMethodUINPageResults -->
  <testcase name="loginWebAssistIncorrectPassword" time="0.0" classname="webassist.login.LoginTest">
    <ignored/>
  </testcase> <!-- loginWebAssistIncorrectPassword -->
  <testcase name="@BeforeTest beforeTestSetup" time="0.0" classname="webassist.BaseTest">
    <ignored/>
  </testcase> <!-- @BeforeTest beforeTestSetup -->
  <testcase name="@BeforeTest beforeTestSetup" time="0.0" classname="webassist.BaseTest">
    <ignored/>
  </testcase> <!-- @BeforeTest beforeTestSetup -->
  <testcase name="loginWebAssistIncorrectUserName" time="0.0" classname="webassist.login.LoginTest">
    <ignored/>
  </testcase> <!-- loginWebAssistIncorrectUserName -->
  <testcase name="enterRoleName" time="0.0" classname="webassist.role.RoleTest">
    <ignored/>
  </testcase> <!-- enterRoleName -->
  <testcase name="@AfterTest closeAll" time="0.0" classname="webassist.BaseTest">
    <ignored/>
  </testcase> <!-- @AfterTest closeAll -->
  <testcase name="@AfterTest closeAll" time="0.0" classname="webassist.BaseTest">
    <ignored/>
  </testcase> <!-- @AfterTest closeAll -->
  <testcase name="@BeforeSuite beforeSuiteSetup" time="0.0" classname="webassist.BaseTest">
    <ignored/>
  </testcase> <!-- @BeforeSuite beforeSuiteSetup -->
  <testcase name="@BeforeSuite beforeSuiteSetup" time="0.0" classname="webassist.BaseTest">
    <ignored/>
  </testcase> <!-- @BeforeSuite beforeSuiteSetup -->
</testsuite> <!-- AS Search UIN -->
