<?xml version="1.0" encoding="UTF-8"?>
<!-- Generated by org.testng.reporters.JUnitXMLReporter -->
<testsuite hostname="01HW808506" ignored="9" name="MATCH Test" tests="3" failures="0" timestamp="03 Jul 2019 13:17:58 GMT" time="114.253" errors="0">
  <testcase name="loginWebAssistCorrect" time="19.534" classname="webassist.login.LoginTest"/>
  <testcase name="enterRole" time="7.404" classname="webassist.role.RoleTest"/>
  <testcase name="NoMatchTest" time="75.195" classname="webassist.match.MatchTest"/>
  <testcase name="loginWebAssistIncorrectPassword" time="0.0" classname="webassist.login.LoginTest">
    <ignored/>
  </testcase> <!-- loginWebAssistIncorrectPassword -->
  <testcase name="@BeforeTest beforeTestSetup" time="0.0" classname="webassist.BaseTest">
    <ignored/>
  </testcase> <!-- @BeforeTest beforeTestSetup -->
  <testcase name="@BeforeTest beforeTestSetup" time="0.0" classname="webassist.BaseTest">
    <ignored/>
  </testcase> <!-- @BeforeTest beforeTestSetup -->
  <testcase name="loginWebAssistIncorrectUserName" time="0.0" classname="webassist.login.LoginTest">
    <ignored/>
  </testcase> <!-- loginWebAssistIncorrectUserName -->
  <testcase name="enterRoleName" time="0.0" classname="webassist.role.RoleTest">
    <ignored/>
  </testcase> <!-- enterRoleName -->
  <testcase name="@AfterTest closeAll" time="0.0" classname="webassist.BaseTest">
    <ignored/>
  </testcase> <!-- @AfterTest closeAll -->
  <testcase name="@AfterTest closeAll" time="0.0" classname="webassist.BaseTest">
    <ignored/>
  </testcase> <!-- @AfterTest closeAll -->
  <testcase name="@BeforeSuite beforeSuiteSetup" time="0.0" classname="webassist.BaseTest">
    <ignored/>
  </testcase> <!-- @BeforeSuite beforeSuiteSetup -->
  <testcase name="@BeforeSuite beforeSuiteSetup" time="0.0" classname="webassist.BaseTest">
    <ignored/>
  </testcase> <!-- @BeforeSuite beforeSuiteSetup -->
</testsuite> <!-- MATCH Test -->
