<?xml version="1.0" encoding="UTF-8"?>
<testng-results skipped="0" failed="0" ignored="9" total="20" passed="11">
  <reporter-output>
  </reporter-output>
  <suite name="REGSearch Execution Test for REG" duration-ms="136898" started-at="2019-09-13T09:27:11Z" finished-at="2019-09-13T09:29:28Z">
    <groups>
    </groups>
    <test name="Reg Search REG" duration-ms="136898" started-at="2019-09-13T09:27:11Z" finished-at="2019-09-13T09:29:28Z">
      <class name="webassist.regSearch.RegSearchRegTest">
        <test-method status="PASS" signature="RegSearchTestMethodRegClear()[pri:0, instance:webassist.regSearch.RegSearchRegTest@735f7ae5]" name="RegSearchTestMethodRegClear" duration-ms="15175" started-at="2019-09-13T09:28:00Z" description="Reg SEARCH REG to verify Clear Button is Working" finished-at="2019-09-13T09:28:16Z">
          <reporter-output>
          </reporter-output>
        </test-method> <!-- RegSearchTestMethodRegClear -->
        <test-method status="PASS" signature="fetchMostRecentTestResult(org.testng.ITestResult)[pri:0, instance:webassist.regSearch.RegSearchRegTest@735f7ae5]" name="fetchMostRecentTestResult" is-config="true" duration-ms="1" started-at="2019-09-13T09:28:16Z" finished-at="2019-09-13T09:28:16Z">
          <params>
            <param index="0">
              <value>
                <![CDATA[[TestResult name=RegSearchTestMethodRegClear status=SUCCESS method=RegSearchRegTest.RegSearchTestMethodRegClear()[pri:0, instance:webassist.regSearch.RegSearchRegTest@735f7ae5] output={null}]]]>
              </value>
            </param>
          </params>
          <reporter-output>
          </reporter-output>
        </test-method> <!-- fetchMostRecentTestResult -->
        <test-method status="PASS" signature="RegSearchTestMethodRegInvalid()[pri:0, instance:webassist.regSearch.RegSearchRegTest@735f7ae5]" name="RegSearchTestMethodRegInvalid" duration-ms="24450" started-at="2019-09-13T09:28:16Z" description="Reg SEARCH with Invalid REG Details" depends-on-methods="webassist.regSearch.RegSearchRegTest.RegSearchTestMethodRegClear" finished-at="2019-09-13T09:28:40Z">
          <reporter-output>
          </reporter-output>
        </test-method> <!-- RegSearchTestMethodRegInvalid -->
        <test-method status="PASS" signature="fetchMostRecentTestResult(org.testng.ITestResult)[pri:0, instance:webassist.regSearch.RegSearchRegTest@735f7ae5]" name="fetchMostRecentTestResult" is-config="true" duration-ms="1" started-at="2019-09-13T09:28:40Z" finished-at="2019-09-13T09:28:40Z">
          <params>
            <param index="0">
              <value>
                <![CDATA[[TestResult name=RegSearchTestMethodRegInvalid status=SUCCESS method=RegSearchRegTest.RegSearchTestMethodRegInvalid()[pri:0, instance:webassist.regSearch.RegSearchRegTest@735f7ae5] output={null}]]]>
              </value>
            </param>
          </params>
          <reporter-output>
          </reporter-output>
        </test-method> <!-- fetchMostRecentTestResult -->
        <test-method status="PASS" signature="RegSearchTestMethodRegInvalidLength()[pri:0, instance:webassist.regSearch.RegSearchRegTest@735f7ae5]" name="RegSearchTestMethodRegInvalidLength" duration-ms="33922" started-at="2019-09-13T09:28:40Z" description="Reg SEARCH with REG Details having Invalid Length " depends-on-methods="webassist.regSearch.RegSearchRegTest.RegSearchTestMethodRegInvalid" finished-at="2019-09-13T09:29:14Z">
          <reporter-output>
          </reporter-output>
        </test-method> <!-- RegSearchTestMethodRegInvalidLength -->
        <test-method status="PASS" signature="fetchMostRecentTestResult(org.testng.ITestResult)[pri:0, instance:webassist.regSearch.RegSearchRegTest@735f7ae5]" name="fetchMostRecentTestResult" is-config="true" duration-ms="0" started-at="2019-09-13T09:29:14Z" finished-at="2019-09-13T09:29:14Z">
          <params>
            <param index="0">
              <value>
                <![CDATA[[TestResult name=RegSearchTestMethodRegInvalidLength status=SUCCESS method=RegSearchRegTest.RegSearchTestMethodRegInvalidLength()[pri:0, instance:webassist.regSearch.RegSearchRegTest@735f7ae5] output={null}]]]>
              </value>
            </param>
          </params>
          <reporter-output>
          </reporter-output>
        </test-method> <!-- fetchMostRecentTestResult -->
        <test-method status="PASS" signature="RegSearchTestMethodRegCorrect()[pri:0, instance:webassist.regSearch.RegSearchRegTest@735f7ae5]" name="RegSearchTestMethodRegCorrect" duration-ms="8243" started-at="2019-09-13T09:29:14Z" description="Reg SEARCH REG with all Valid Details" depends-on-methods="webassist.regSearch.RegSearchRegTest.RegSearchTestMethodRegInvalidLength" finished-at="2019-09-13T09:29:22Z">
          <reporter-output>
          </reporter-output>
        </test-method> <!-- RegSearchTestMethodRegCorrect -->
        <test-method status="PASS" signature="fetchMostRecentTestResult(org.testng.ITestResult)[pri:0, instance:webassist.regSearch.RegSearchRegTest@735f7ae5]" name="fetchMostRecentTestResult" is-config="true" duration-ms="1" started-at="2019-09-13T09:29:22Z" finished-at="2019-09-13T09:29:22Z">
          <params>
            <param index="0">
              <value>
                <![CDATA[[TestResult name=RegSearchTestMethodRegCorrect status=SUCCESS method=RegSearchRegTest.RegSearchTestMethodRegCorrect()[pri:0, instance:webassist.regSearch.RegSearchRegTest@735f7ae5] output={null}]]]>
              </value>
            </param>
          </params>
          <reporter-output>
          </reporter-output>
        </test-method> <!-- fetchMostRecentTestResult -->
        <test-method name="REGSearchTestMethodREGOutputValidation" signature="REGSearchTestMethodREGOutputValidation(java.lang.String, java.lang.String)[pri:0, instance:webassist.regSearch.RegSearchRegTest@735f7ae5]" status="PASS" duration-ms="16" finished-at="2019-09-13T09:29:22Z" started-at="2019-09-13T09:29:22Z" depends-on-methods="webassist.regSearch.RegSearchRegTest.RegSearchTestMethodRegCorrect" data-provider="RegSearchOutputFields" description="REG SEARCH &amp; Validate Output Details">
          <params>
            <param index="0">
              <value>
                <![CDATA[adminField]]>
              </value>
            </param>
            <param index="1">
              <value>
                <![CDATA[admindate]]>
              </value>
            </param>
          </params>
          <reporter-output>
          </reporter-output>
        </test-method> <!-- REGSearchTestMethodREGOutputValidation -->
        <test-method status="PASS" signature="fetchMostRecentTestResult(org.testng.ITestResult)[pri:0, instance:webassist.regSearch.RegSearchRegTest@735f7ae5]" name="fetchMostRecentTestResult" is-config="true" duration-ms="0" started-at="2019-09-13T09:29:22Z" finished-at="2019-09-13T09:29:22Z">
          <params>
            <param index="0">
              <value>
                <![CDATA[[TestResult name=REGSearchTestMethodREGOutputValidation status=SUCCESS method=RegSearchRegTest.REGSearchTestMethodREGOutputValidation(java.lang.String, java.lang.String)[pri:0, instance:webassist.regSearch.RegSearchRegTest@735f7ae5] output={null}]]]>
              </value>
            </param>
          </params>
          <reporter-output>
          </reporter-output>
        </test-method> <!-- fetchMostRecentTestResult -->
        <test-method name="REGSearchTestMethodREGOutputValidation" signature="REGSearchTestMethodREGOutputValidation(java.lang.String, java.lang.String)[pri:0, instance:webassist.regSearch.RegSearchRegTest@735f7ae5]" status="PASS" duration-ms="14" finished-at="2019-09-13T09:29:22Z" started-at="2019-09-13T09:29:22Z" depends-on-methods="webassist.regSearch.RegSearchRegTest.RegSearchTestMethodRegCorrect" data-provider="RegSearchOutputFields" description="REG SEARCH &amp; Validate Output Details">
          <params>
            <param index="0">
              <value>
                <![CDATA[SSDField]]>
              </value>
            </param>
            <param index="1">
              <value>
                <![CDATA[SSDCode]]>
              </value>
            </param>
          </params>
          <reporter-output>
          </reporter-output>
        </test-method> <!-- REGSearchTestMethodREGOutputValidation -->
        <test-method status="PASS" signature="fetchMostRecentTestResult(org.testng.ITestResult)[pri:0, instance:webassist.regSearch.RegSearchRegTest@735f7ae5]" name="fetchMostRecentTestResult" is-config="true" duration-ms="0" started-at="2019-09-13T09:29:22Z" finished-at="2019-09-13T09:29:22Z">
          <params>
            <param index="0">
              <value>
                <![CDATA[[TestResult name=REGSearchTestMethodREGOutputValidation status=SUCCESS method=RegSearchRegTest.REGSearchTestMethodREGOutputValidation(java.lang.String, java.lang.String)[pri:0, instance:webassist.regSearch.RegSearchRegTest@735f7ae5] output={null}]]]>
              </value>
            </param>
          </params>
          <reporter-output>
          </reporter-output>
        </test-method> <!-- fetchMostRecentTestResult -->
        <test-method name="REGSearchTestMethodREGOutputValidation" signature="REGSearchTestMethodREGOutputValidation(java.lang.String, java.lang.String)[pri:0, instance:webassist.regSearch.RegSearchRegTest@735f7ae5]" status="PASS" duration-ms="9" finished-at="2019-09-13T09:29:22Z" started-at="2019-09-13T09:29:22Z" depends-on-methods="webassist.regSearch.RegSearchRegTest.RegSearchTestMethodRegCorrect" data-provider="RegSearchOutputFields" description="REG SEARCH &amp; Validate Output Details">
          <params>
            <param index="0">
              <value>
                <![CDATA[lastNameField]]>
              </value>
            </param>
            <param index="1">
              <value>
                <![CDATA[lastName]]>
              </value>
            </param>
          </params>
          <reporter-output>
          </reporter-output>
        </test-method> <!-- REGSearchTestMethodREGOutputValidation -->
        <test-method status="PASS" signature="fetchMostRecentTestResult(org.testng.ITestResult)[pri:0, instance:webassist.regSearch.RegSearchRegTest@735f7ae5]" name="fetchMostRecentTestResult" is-config="true" duration-ms="1" started-at="2019-09-13T09:29:22Z" finished-at="2019-09-13T09:29:22Z">
          <params>
            <param index="0">
              <value>
                <![CDATA[[TestResult name=REGSearchTestMethodREGOutputValidation status=SUCCESS method=RegSearchRegTest.REGSearchTestMethodREGOutputValidation(java.lang.String, java.lang.String)[pri:0, instance:webassist.regSearch.RegSearchRegTest@735f7ae5] output={null}]]]>
              </value>
            </param>
          </params>
          <reporter-output>
          </reporter-output>
        </test-method> <!-- fetchMostRecentTestResult -->
        <test-method name="REGSearchTestMethodREGOutputValidation" signature="REGSearchTestMethodREGOutputValidation(java.lang.String, java.lang.String)[pri:0, instance:webassist.regSearch.RegSearchRegTest@735f7ae5]" status="PASS" duration-ms="10" finished-at="2019-09-13T09:29:22Z" started-at="2019-09-13T09:29:22Z" depends-on-methods="webassist.regSearch.RegSearchRegTest.RegSearchTestMethodRegCorrect" data-provider="RegSearchOutputFields" description="REG SEARCH &amp; Validate Output Details">
          <params>
            <param index="0">
              <value>
                <![CDATA[firstNameField]]>
              </value>
            </param>
            <param index="1">
              <value>
                <![CDATA[firstName]]>
              </value>
            </param>
          </params>
          <reporter-output>
          </reporter-output>
        </test-method> <!-- REGSearchTestMethodREGOutputValidation -->
        <test-method status="PASS" signature="fetchMostRecentTestResult(org.testng.ITestResult)[pri:0, instance:webassist.regSearch.RegSearchRegTest@735f7ae5]" name="fetchMostRecentTestResult" is-config="true" duration-ms="0" started-at="2019-09-13T09:29:22Z" finished-at="2019-09-13T09:29:22Z">
          <params>
            <param index="0">
              <value>
                <![CDATA[[TestResult name=REGSearchTestMethodREGOutputValidation status=SUCCESS method=RegSearchRegTest.REGSearchTestMethodREGOutputValidation(java.lang.String, java.lang.String)[pri:0, instance:webassist.regSearch.RegSearchRegTest@735f7ae5] output={null}]]]>
              </value>
            </param>
          </params>
          <reporter-output>
          </reporter-output>
        </test-method> <!-- fetchMostRecentTestResult -->
        <test-method name="REGSearchTestMethodREGOutputValidation" signature="REGSearchTestMethodREGOutputValidation(java.lang.String, java.lang.String)[pri:0, instance:webassist.regSearch.RegSearchRegTest@735f7ae5]" status="PASS" duration-ms="11" finished-at="2019-09-13T09:29:22Z" started-at="2019-09-13T09:29:22Z" depends-on-methods="webassist.regSearch.RegSearchRegTest.RegSearchTestMethodRegCorrect" data-provider="RegSearchOutputFields" description="REG SEARCH &amp; Validate Output Details">
          <params>
            <param index="0">
              <value>
                <![CDATA[dobField]]>
              </value>
            </param>
            <param index="1">
              <value>
                <![CDATA[dob]]>
              </value>
            </param>
          </params>
          <reporter-output>
          </reporter-output>
        </test-method> <!-- REGSearchTestMethodREGOutputValidation -->
        <test-method status="PASS" signature="fetchMostRecentTestResult(org.testng.ITestResult)[pri:0, instance:webassist.regSearch.RegSearchRegTest@735f7ae5]" name="fetchMostRecentTestResult" is-config="true" duration-ms="0" started-at="2019-09-13T09:29:22Z" finished-at="2019-09-13T09:29:22Z">
          <params>
            <param index="0">
              <value>
                <![CDATA[[TestResult name=REGSearchTestMethodREGOutputValidation status=SUCCESS method=RegSearchRegTest.REGSearchTestMethodREGOutputValidation(java.lang.String, java.lang.String)[pri:0, instance:webassist.regSearch.RegSearchRegTest@735f7ae5] output={null}]]]>
              </value>
            </param>
          </params>
          <reporter-output>
          </reporter-output>
        </test-method> <!-- fetchMostRecentTestResult -->
      </class> <!-- webassist.regSearch.RegSearchRegTest -->
      <class name="webassist.role.RoleTest">
        <test-method status="PASS" signature="enterRole(java.lang.String)[pri:0, instance:webassist.role.RoleTest@17550481]" name="enterRole" duration-ms="8276" started-at="2019-09-13T09:27:52Z" description="Select desired Role" finished-at="2019-09-13T09:28:00Z">
          <params>
            <param index="0">
              <value>
                <![CDATA[SUPER]]>
              </value>
            </param>
          </params>
          <reporter-output>
          </reporter-output>
        </test-method> <!-- enterRole -->
        <test-method status="PASS" signature="fetchMostRecentTestResult(org.testng.ITestResult)[pri:0, instance:webassist.role.RoleTest@17550481]" name="fetchMostRecentTestResult" is-config="true" duration-ms="1" started-at="2019-09-13T09:28:00Z" finished-at="2019-09-13T09:28:00Z">
          <params>
            <param index="0">
              <value>
                <![CDATA[[TestResult name=enterRole status=SUCCESS method=RoleTest.enterRole(java.lang.String)[pri:0, instance:webassist.role.RoleTest@17550481] output={null}]]]>
              </value>
            </param>
          </params>
          <reporter-output>
          </reporter-output>
        </test-method> <!-- fetchMostRecentTestResult -->
      </class> <!-- webassist.role.RoleTest -->
      <class name="webassist.login.LoginTest">
        <test-method status="PASS" signature="beforeSuiteSetup(org.testng.ITestContext)[pri:0, instance:webassist.login.LoginTest@783e6358]" name="beforeSuiteSetup" is-config="true" duration-ms="365" started-at="2019-09-13T09:27:11Z" finished-at="2019-09-13T09:27:11Z">
          <params>
            <param index="0">
              <value>
                <![CDATA[org.testng.TestRunner@24097e9b]]>
              </value>
            </param>
          </params>
          <reporter-output>
          </reporter-output>
        </test-method> <!-- beforeSuiteSetup -->
        <test-method status="PASS" signature="beforeTestSetup(org.testng.ITestContext)[pri:0, instance:webassist.login.LoginTest@783e6358]" name="beforeTestSetup" is-config="true" duration-ms="21077" started-at="2019-09-13T09:27:11Z" finished-at="2019-09-13T09:27:32Z">
          <params>
            <param index="0">
              <value>
                <![CDATA[org.testng.TestRunner@24097e9b]]>
              </value>
            </param>
          </params>
          <reporter-output>
          </reporter-output>
        </test-method> <!-- beforeTestSetup -->
        <test-method status="PASS" signature="loginWebAssistCorrect()[pri:0, instance:webassist.login.LoginTest@783e6358]" name="loginWebAssistCorrect" duration-ms="19499" started-at="2019-09-13T09:27:33Z" description="Login to WebAssist with valid credentials" finished-at="2019-09-13T09:27:52Z">
          <reporter-output>
          </reporter-output>
        </test-method> <!-- loginWebAssistCorrect -->
        <test-method status="PASS" signature="fetchMostRecentTestResult(org.testng.ITestResult)[pri:0, instance:webassist.login.LoginTest@783e6358]" name="fetchMostRecentTestResult" is-config="true" duration-ms="2" started-at="2019-09-13T09:27:52Z" finished-at="2019-09-13T09:27:52Z">
          <params>
            <param index="0">
              <value>
                <![CDATA[[TestResult name=loginWebAssistCorrect status=SUCCESS method=LoginTest.loginWebAssistCorrect()[pri:0, instance:webassist.login.LoginTest@783e6358] output={null}]]]>
              </value>
            </param>
          </params>
          <reporter-output>
          </reporter-output>
        </test-method> <!-- fetchMostRecentTestResult -->
        <test-method status="PASS" signature="closeAll()[pri:0, instance:webassist.login.LoginTest@783e6358]" name="closeAll" is-config="true" duration-ms="6067" started-at="2019-09-13T09:29:22Z" finished-at="2019-09-13T09:29:28Z">
          <reporter-output>
          </reporter-output>
        </test-method> <!-- closeAll -->
      </class> <!-- webassist.login.LoginTest -->
    </test> <!-- Reg Search REG -->
  </suite> <!-- REGSearch Execution Test for REG -->
</testng-results>
