<?xml version="1.0" encoding="UTF-8"?>
<testsuite xmlns:xsi="http://www.w3.org/2001/XMLSchema-instance" xsi:noNamespaceSchemaLocation="https://maven.apache.org/surefire/maven-surefire-plugin/xsd/surefire-test-report.xsd" name="TestSuite" time="131.729" tests="14" errors="0" skipped="0" failures="0">
  <properties>
[...]
</properties>
  <testcase name="loginWebAssistCorrect" classname="webassist.login.LoginTest" time="13.228"/>
  <testcase name="enterRole" classname="webassist.role.RoleTest" time="8.071"/>
  <testcase name="ASSearchTestMethodUINClear" classname="webassist.asSearch.ASSearchUINTest" time="40.641"/>
  <testcase name="ASSearchTestMethodUINInvalid" classname="webassist.asSearch.ASSearchUINTest" time="14.919"/>
  <testcase name="ASSearchTestMethodUINCorrect" classname="webassist.asSearch.ASSearchUINTest" time="5.018"/>
  <testcase name="ASSearchTestMethodUINOutputValidation" classname="webassist.asSearch.ASSearchUINTest" time="0.015"/>
  <testcase name="ASSearchTestMethodUINOutputValidation" classname="webassist.asSearch.ASSearchUINTest" time="0.016"/>
  <testcase name="ASSearchTestMethodUINOutputValidation" classname="webassist.asSearch.ASSearchUINTest" time="0.015"/>
  <testcase name="ASSearchTestMethodUINOutputValidation" classname="webassist.asSearch.ASSearchUINTest" time="0.016"/>
  <testcase name="ASSearchTestMethodUINOutputValidation" classname="webassist.asSearch.ASSearchUINTest" time="0.016"/>
  <testcase name="ASSearchTestMethodUINOutputValidation" classname="webassist.asSearch.ASSearchUINTest" time="0.015"/>
  <testcase name="ASSearchTestMethodUINOutputValidation" classname="webassist.asSearch.ASSearchUINTest" time="0.016"/>
  <testcase name="ASSearchTestMethodUINOutputValidation" classname="webassist.asSearch.ASSearchUINTest" time="0.015"/>
  <testcase name="ASSearchTestMethodUINPageResults" classname="webassist.asSearch.ASSearchUINTest" time="16.26"/>
</testsuite>