<?xml version="1.0" encoding="UTF-8"?>
<!-- Generated by org.testng.reporters.JUnitXMLReporter -->
<testsuite hostname="01HW808506" ignored="9" name="Reg Search Name" tests="10" failures="0" timestamp="08 Jul 2019 13:09:58 GMT" time="255.86" errors="0">
  <testcase name="loginWebAssistCorrect" time="15.434" classname="webassist.login.LoginTest"/>
  <testcase name="enterRole" time="7.559" classname="webassist.role.RoleTest"/>
  <testcase name="RegSearchTestMethodLastName" time="38.502" classname="webassist.regSearch.RegSearchNameTest"/>
  <testcase name="RegSearchTestMethodNameClear" time="8.827" classname="webassist.regSearch.RegSearchNameTest"/>
  <testcase name="RegSearchTestMethodFirstName" time="38.333" classname="webassist.regSearch.RegSearchNameTest"/>
  <testcase name="RegSearchTestMethodInvalidLastName" time="30.736" classname="webassist.regSearch.RegSearchNameTest"/>
  <testcase name="RegSearchTestMethodInvalidFirstName" time="29.964" classname="webassist.regSearch.RegSearchNameTest"/>
  <testcase name="RegSearchTestMethodLongLastName" time="28.102" classname="webassist.regSearch.RegSearchNameTest"/>
  <testcase name="RegSearchTestMethodLongFirstName" time="38.624" classname="webassist.regSearch.RegSearchNameTest"/>
  <testcase name="RegSearchTestMethodNameCorrect" time="12.331" classname="webassist.regSearch.RegSearchNameTest"/>
  <testcase name="loginWebAssistIncorrectPassword" time="0.0" classname="webassist.login.LoginTest">
    <ignored/>
  </testcase> <!-- loginWebAssistIncorrectPassword -->
  <testcase name="@BeforeTest beforeTestSetup" time="0.0" classname="webassist.BaseTest">
    <ignored/>
  </testcase> <!-- @BeforeTest beforeTestSetup -->
  <testcase name="@BeforeTest beforeTestSetup" time="0.0" classname="webassist.BaseTest">
    <ignored/>
  </testcase> <!-- @BeforeTest beforeTestSetup -->
  <testcase name="loginWebAssistIncorrectUserName" time="0.0" classname="webassist.login.LoginTest">
    <ignored/>
  </testcase> <!-- loginWebAssistIncorrectUserName -->
  <testcase name="enterRoleName" time="0.0" classname="webassist.role.RoleTest">
    <ignored/>
  </testcase> <!-- enterRoleName -->
  <testcase name="@AfterTest closeAll" time="0.0" classname="webassist.BaseTest">
    <ignored/>
  </testcase> <!-- @AfterTest closeAll -->
  <testcase name="@AfterTest closeAll" time="0.0" classname="webassist.BaseTest">
    <ignored/>
  </testcase> <!-- @AfterTest closeAll -->
  <testcase name="@BeforeSuite beforeSuiteSetup" time="0.0" classname="webassist.BaseTest">
    <ignored/>
  </testcase> <!-- @BeforeSuite beforeSuiteSetup -->
  <testcase name="@BeforeSuite beforeSuiteSetup" time="0.0" classname="webassist.BaseTest">
    <ignored/>
  </testcase> <!-- @BeforeSuite beforeSuiteSetup -->
</testsuite> <!-- Reg Search Name -->
