<?xml version="1.0" encoding="UTF-8"?>
<!-- Generated by org.testng.reporters.JUnitXMLReporter -->
<testsuite hostname="01HW808506" ignored="9" name="Admin Page Search Test" tests="6" failures="1" timestamp="18 Jul 2019 08:04:13 GMT" time="70.603" errors="0">
  <testcase name="loginWebAssistCorrect" time="12.343" classname="webassist.login.LoginTest"/>
  <testcase name="enterRole" time="7.334" classname="webassist.role.RoleTest"/>
  <testcase name="AdminUsernameFilter" time="11.583" classname="webassist.admin.AdminTest"/>
  <testcase name="AdminUsernameAddRole" time="24.131" classname="webassist.admin.AdminTest">
    <failure type="java.lang.AssertionError" message="Unable to add User expected [true] but found [false]">
      <![CDATA[java.lang.AssertionError: Unable to add User expected [true] but found [false]
at webassist.admin.AdminTest.AdminUsernameAddRole(AdminTest.java:31)
... Removed 28 stack frames]]>
    </failure>
  </testcase> <!-- AdminUsernameAddRole -->
  <testcase name="AdminUsernameEditUser" time="0.0" classname="webassist.admin.AdminTest">
    <skipped/>
  </testcase> <!-- AdminUsernameEditUser -->
  <testcase name="AdminUsernameDeleteUser" time="0.0" classname="webassist.admin.AdminTest">
    <skipped/>
  </testcase> <!-- AdminUsernameDeleteUser -->
  <testcase name="loginWebAssistIncorrectPassword" time="0.0" classname="webassist.login.LoginTest">
    <ignored/>
  </testcase> <!-- loginWebAssistIncorrectPassword -->
  <testcase name="@BeforeTest beforeTestSetup" time="0.0" classname="webassist.BaseTest">
    <ignored/>
  </testcase> <!-- @BeforeTest beforeTestSetup -->
  <testcase name="@BeforeTest beforeTestSetup" time="0.0" classname="webassist.BaseTest">
    <ignored/>
  </testcase> <!-- @BeforeTest beforeTestSetup -->
  <testcase name="loginWebAssistIncorrectUserName" time="0.0" classname="webassist.login.LoginTest">
    <ignored/>
  </testcase> <!-- loginWebAssistIncorrectUserName -->
  <testcase name="enterRoleName" time="0.0" classname="webassist.role.RoleTest">
    <ignored/>
  </testcase> <!-- enterRoleName -->
  <testcase name="@AfterTest closeAll" time="0.0" classname="webassist.BaseTest">
    <ignored/>
  </testcase> <!-- @AfterTest closeAll -->
  <testcase name="@AfterTest closeAll" time="0.0" classname="webassist.BaseTest">
    <ignored/>
  </testcase> <!-- @AfterTest closeAll -->
  <testcase name="@BeforeSuite beforeSuiteSetup" time="0.0" classname="webassist.BaseTest">
    <ignored/>
  </testcase> <!-- @BeforeSuite beforeSuiteSetup -->
  <testcase name="@BeforeSuite beforeSuiteSetup" time="0.0" classname="webassist.BaseTest">
    <ignored/>
  </testcase> <!-- @BeforeSuite beforeSuiteSetup -->
</testsuite> <!-- Admin Page Search Test -->
