<?xml version="1.0" encoding="UTF-8"?>
<!-- Generated by org.testng.reporters.JUnitXMLReporter -->
<testsuite hostname="01HW808506" ignored="9" name="AS Search by Batch" tests="19" failures="0" timestamp="19 Jul 2019 07:40:42 GMT" time="307.533" errors="0">
  <testcase name="loginWebAssistCorrect" time="12.323" classname="webassist.login.LoginTest"/>
  <testcase name="enterRole" time="7.604" classname="webassist.role.RoleTest"/>
  <testcase name="ASSearchTestMethodBatchClear" time="23.576" classname="webassist.asSearch.ASSearchBatchTest"/>
  <testcase name="ASSearchTestMethodBatchAdmin" time="41.007" classname="webassist.asSearch.ASSearchBatchTest"/>
  <testcase name="ASSearchTestMethodBatchInvalidAdmin" time="41.957" classname="webassist.asSearch.ASSearchBatchTest"/>
  <testcase name="ASSearchTestMethodBatchAdminInvalidTC" time="41.335" classname="webassist.asSearch.ASSearchBatchTest"/>
  <testcase name="ASSearchTestMethodBatchAdminTC" time="42.327" classname="webassist.asSearch.ASSearchBatchTest"/>
  <testcase name="ASSearchTestMethodBatchAdminTCReg" time="22.575" classname="webassist.asSearch.ASSearchBatchTest"/>
  <testcase name="ASSearchTestMethodBatchAdminTCRegLName" time="22.223" classname="webassist.asSearch.ASSearchBatchTest"/>
  <testcase name="ASSearchTestMethodBatchAdminTCRegLNameFName" time="22.581" classname="webassist.asSearch.ASSearchBatchTest"/>
  <testcase name="ASSearchTestMethodBatchOutputValidation" time="0.017" classname="webassist.asSearch.ASSearchBatchTest"/>
  <testcase name="ASSearchTestMethodBatchOutputValidation" time="0.015" classname="webassist.asSearch.ASSearchBatchTest"/>
  <testcase name="ASSearchTestMethodBatchOutputValidation" time="0.016" classname="webassist.asSearch.ASSearchBatchTest"/>
  <testcase name="ASSearchTestMethodBatchOutputValidation" time="0.016" classname="webassist.asSearch.ASSearchBatchTest"/>
  <testcase name="ASSearchTestMethodBatchOutputValidation" time="0.015" classname="webassist.asSearch.ASSearchBatchTest"/>
  <testcase name="ASSearchTestMethodBatchOutputValidation" time="0.016" classname="webassist.asSearch.ASSearchBatchTest"/>
  <testcase name="ASSearchTestMethodBatchOutputValidation" time="0.015" classname="webassist.asSearch.ASSearchBatchTest"/>
  <testcase name="ASSearchTestMethodBatchOutputValidation" time="0.016" classname="webassist.asSearch.ASSearchBatchTest"/>
  <testcase name="ASSearchTestMethodBatchPageResults" time="14.244" classname="webassist.asSearch.ASSearchBatchTest"/>
  <testcase name="loginWebAssistIncorrectPassword" time="0.0" classname="webassist.login.LoginTest">
    <ignored/>
  </testcase> <!-- loginWebAssistIncorrectPassword -->
  <testcase name="@BeforeTest beforeTestSetup" time="0.0" classname="webassist.BaseTest">
    <ignored/>
  </testcase> <!-- @BeforeTest beforeTestSetup -->
  <testcase name="@BeforeTest beforeTestSetup" time="0.0" classname="webassist.BaseTest">
    <ignored/>
  </testcase> <!-- @BeforeTest beforeTestSetup -->
  <testcase name="loginWebAssistIncorrectUserName" time="0.0" classname="webassist.login.LoginTest">
    <ignored/>
  </testcase> <!-- loginWebAssistIncorrectUserName -->
  <testcase name="enterRoleName" time="0.0" classname="webassist.role.RoleTest">
    <ignored/>
  </testcase> <!-- enterRoleName -->
  <testcase name="@AfterTest closeAll" time="0.0" classname="webassist.BaseTest">
    <ignored/>
  </testcase> <!-- @AfterTest closeAll -->
  <testcase name="@AfterTest closeAll" time="0.0" classname="webassist.BaseTest">
    <ignored/>
  </testcase> <!-- @AfterTest closeAll -->
  <testcase name="@BeforeSuite beforeSuiteSetup" time="0.0" classname="webassist.BaseTest">
    <ignored/>
  </testcase> <!-- @BeforeSuite beforeSuiteSetup -->
  <testcase name="@BeforeSuite beforeSuiteSetup" time="0.0" classname="webassist.BaseTest">
    <ignored/>
  </testcase> <!-- @BeforeSuite beforeSuiteSetup -->
</testsuite> <!-- AS Search by Batch -->
