<?xml version="1.0" encoding="UTF-8"?>
<!-- Generated by org.testng.reporters.JUnitXMLReporter -->
<testsuite hostname="01HW902838" ignored="9" name="Reg Search REG" tests="11" failures="0" timestamp="13 Sep 2019 09:29:28 GMT" time="136.898" errors="0">
  <testcase name="loginWebAssistCorrect" time="19.499" classname="webassist.login.LoginTest"/>
  <testcase name="enterRole" time="8.276" classname="webassist.role.RoleTest"/>
  <testcase name="RegSearchTestMethodRegClear" time="15.175" classname="webassist.regSearch.RegSearchRegTest"/>
  <testcase name="RegSearchTestMethodRegInvalid" time="24.45" classname="webassist.regSearch.RegSearchRegTest"/>
  <testcase name="RegSearchTestMethodRegInvalidLength" time="33.922" classname="webassist.regSearch.RegSearchRegTest"/>
  <testcase name="RegSearchTestMethodRegCorrect" time="8.243" classname="webassist.regSearch.RegSearchRegTest"/>
  <testcase name="REGSearchTestMethodREGOutputValidation" time="0.016" classname="webassist.regSearch.RegSearchRegTest"/>
  <testcase name="REGSearchTestMethodREGOutputValidation" time="0.014" classname="webassist.regSearch.RegSearchRegTest"/>
  <testcase name="REGSearchTestMethodREGOutputValidation" time="0.009" classname="webassist.regSearch.RegSearchRegTest"/>
  <testcase name="REGSearchTestMethodREGOutputValidation" time="0.01" classname="webassist.regSearch.RegSearchRegTest"/>
  <testcase name="REGSearchTestMethodREGOutputValidation" time="0.011" classname="webassist.regSearch.RegSearchRegTest"/>
  <testcase name="loginWebAssistIncorrectPassword" time="0.0" classname="webassist.login.LoginTest">
    <ignored/>
  </testcase> <!-- loginWebAssistIncorrectPassword -->
  <testcase name="@BeforeTest beforeTestSetup" time="0.0" classname="webassist.BaseTest">
    <ignored/>
  </testcase> <!-- @BeforeTest beforeTestSetup -->
  <testcase name="@BeforeTest beforeTestSetup" time="0.0" classname="webassist.BaseTest">
    <ignored/>
  </testcase> <!-- @BeforeTest beforeTestSetup -->
  <testcase name="loginWebAssistIncorrectUserName" time="0.0" classname="webassist.login.LoginTest">
    <ignored/>
  </testcase> <!-- loginWebAssistIncorrectUserName -->
  <testcase name="enterRoleName" time="0.0" classname="webassist.role.RoleTest">
    <ignored/>
  </testcase> <!-- enterRoleName -->
  <testcase name="@AfterTest closeAll" time="0.0" classname="webassist.BaseTest">
    <ignored/>
  </testcase> <!-- @AfterTest closeAll -->
  <testcase name="@AfterTest closeAll" time="0.0" classname="webassist.BaseTest">
    <ignored/>
  </testcase> <!-- @AfterTest closeAll -->
  <testcase name="@BeforeSuite beforeSuiteSetup" time="0.0" classname="webassist.BaseTest">
    <ignored/>
  </testcase> <!-- @BeforeSuite beforeSuiteSetup -->
  <testcase name="@BeforeSuite beforeSuiteSetup" time="0.0" classname="webassist.BaseTest">
    <ignored/>
  </testcase> <!-- @BeforeSuite beforeSuiteSetup -->
</testsuite> <!-- Reg Search REG -->
