<?xml version="1.0" encoding="UTF-8"?>
<!-- Generated by org.testng.reporters.JUnitXMLReporter -->
<testsuite hostname="01HW808506" ignored="9" name="AS Search by Batch" tests="19" failures="0" timestamp="05 Aug 2019 09:08:30 GMT" time="254.688" errors="0">
  <testcase name="loginWebAssistCorrect" time="12.819" classname="webassist.login.LoginTest"/>
  <testcase name="enterRole" time="7.875" classname="webassist.role.RoleTest"/>
  <testcase name="ASSearchTestMethodBatchClear" time="24.432" classname="webassist.asSearch.ASSearchBatchTest"/>
  <testcase name="ASSearchTestMethodBatchAdmin" time="30.022" classname="webassist.asSearch.ASSearchBatchTest"/>
  <testcase name="ASSearchTestMethodBatchInvalidAdmin" time="31.129" classname="webassist.asSearch.ASSearchBatchTest"/>
  <testcase name="ASSearchTestMethodBatchAdminInvalidTC" time="30.982" classname="webassist.asSearch.ASSearchBatchTest"/>
  <testcase name="ASSearchTestMethodBatchAdminTC" time="32.817" classname="webassist.asSearch.ASSearchBatchTest"/>
  <testcase name="ASSearchTestMethodBatchAdminTCReg" time="11.62" classname="webassist.asSearch.ASSearchBatchTest"/>
  <testcase name="ASSearchTestMethodBatchAdminTCRegLName" time="11.942" classname="webassist.asSearch.ASSearchBatchTest"/>
  <testcase name="ASSearchTestMethodBatchAdminTCRegLNameFName" time="11.296" classname="webassist.asSearch.ASSearchBatchTest"/>
  <testcase name="ASSearchTestMethodBatchOutputValidation" time="0.008" classname="webassist.asSearch.ASSearchBatchTest"/>
  <testcase name="ASSearchTestMethodBatchOutputValidation" time="0.008" classname="webassist.asSearch.ASSearchBatchTest"/>
  <testcase name="ASSearchTestMethodBatchOutputValidation" time="0.007" classname="webassist.asSearch.ASSearchBatchTest"/>
  <testcase name="ASSearchTestMethodBatchOutputValidation" time="0.007" classname="webassist.asSearch.ASSearchBatchTest"/>
  <testcase name="ASSearchTestMethodBatchOutputValidation" time="0.008" classname="webassist.asSearch.ASSearchBatchTest"/>
  <testcase name="ASSearchTestMethodBatchOutputValidation" time="0.008" classname="webassist.asSearch.ASSearchBatchTest"/>
  <testcase name="ASSearchTestMethodBatchOutputValidation" time="0.009" classname="webassist.asSearch.ASSearchBatchTest"/>
  <testcase name="ASSearchTestMethodBatchOutputValidation" time="0.008" classname="webassist.asSearch.ASSearchBatchTest"/>
  <testcase name="ASSearchTestMethodBatchPageResults" time="15.916" classname="webassist.asSearch.ASSearchBatchTest"/>
  <testcase name="loginWebAssistIncorrectPassword" time="0.0" classname="webassist.login.LoginTest">
    <ignored/>
  </testcase> <!-- loginWebAssistIncorrectPassword -->
  <testcase name="@BeforeTest beforeTestSetup" time="0.0" classname="webassist.BaseTest">
    <ignored/>
  </testcase> <!-- @BeforeTest beforeTestSetup -->
  <testcase name="@BeforeTest beforeTestSetup" time="0.0" classname="webassist.BaseTest">
    <ignored/>
  </testcase> <!-- @BeforeTest beforeTestSetup -->
  <testcase name="loginWebAssistIncorrectUserName" time="0.0" classname="webassist.login.LoginTest">
    <ignored/>
  </testcase> <!-- loginWebAssistIncorrectUserName -->
  <testcase name="enterRoleName" time="0.0" classname="webassist.role.RoleTest">
    <ignored/>
  </testcase> <!-- enterRoleName -->
  <testcase name="@AfterTest closeAll" time="0.0" classname="webassist.BaseTest">
    <ignored/>
  </testcase> <!-- @AfterTest closeAll -->
  <testcase name="@AfterTest closeAll" time="0.0" classname="webassist.BaseTest">
    <ignored/>
  </testcase> <!-- @AfterTest closeAll -->
  <testcase name="@BeforeSuite beforeSuiteSetup" time="0.0" classname="webassist.BaseTest">
    <ignored/>
  </testcase> <!-- @BeforeSuite beforeSuiteSetup -->
  <testcase name="@BeforeSuite beforeSuiteSetup" time="0.0" classname="webassist.BaseTest">
    <ignored/>
  </testcase> <!-- @BeforeSuite beforeSuiteSetup -->
</testsuite> <!-- AS Search by Batch -->
