<?xml version="1.0" encoding="UTF-8"?>
<!-- Generated by org.testng.reporters.JUnitXMLReporter -->
<testsuite hostname="01HW808506" ignored="9" name="AS Search by PAS" tests="14" failures="0" timestamp="19 Jul 2019 06:56:46 GMT" time="93.484" errors="0">
  <testcase name="loginWebAssistCorrect" time="12.152" classname="webassist.login.LoginTest"/>
  <testcase name="enterRole" time="7.653" classname="webassist.role.RoleTest"/>
  <testcase name="ASSearchTestMethodPASClear" time="14.6" classname="webassist.asSearch.ASSearchPASTest"/>
  <testcase name="ASSearchTestMethodPASInvalid" time="24.085" classname="webassist.asSearch.ASSearchPASTest"/>
  <testcase name="ASSearchTestMethodPASCorrect" time="4.977" classname="webassist.asSearch.ASSearchPASTest"/>
  <testcase name="ASSearchTestMethodPASOutputValidation" time="0.015" classname="webassist.asSearch.ASSearchPASTest"/>
  <testcase name="ASSearchTestMethodPASOutputValidation" time="0.016" classname="webassist.asSearch.ASSearchPASTest"/>
  <testcase name="ASSearchTestMethodPASOutputValidation" time="0.016" classname="webassist.asSearch.ASSearchPASTest"/>
  <testcase name="ASSearchTestMethodPASOutputValidation" time="0.015" classname="webassist.asSearch.ASSearchPASTest"/>
  <testcase name="ASSearchTestMethodPASOutputValidation" time="0.016" classname="webassist.asSearch.ASSearchPASTest"/>
  <testcase name="ASSearchTestMethodPASOutputValidation" time="0.016" classname="webassist.asSearch.ASSearchPASTest"/>
  <testcase name="ASSearchTestMethodPASOutputValidation" time="0.016" classname="webassist.asSearch.ASSearchPASTest"/>
  <testcase name="ASSearchTestMethodPASOutputValidation" time="0.016" classname="webassist.asSearch.ASSearchPASTest"/>
  <testcase name="ASSearchTestMethodPASPageResults" time="14.835" classname="webassist.asSearch.ASSearchPASTest"/>
  <testcase name="loginWebAssistIncorrectPassword" time="0.0" classname="webassist.login.LoginTest">
    <ignored/>
  </testcase> <!-- loginWebAssistIncorrectPassword -->
  <testcase name="@BeforeTest beforeTestSetup" time="0.0" classname="webassist.BaseTest">
    <ignored/>
  </testcase> <!-- @BeforeTest beforeTestSetup -->
  <testcase name="@BeforeTest beforeTestSetup" time="0.0" classname="webassist.BaseTest">
    <ignored/>
  </testcase> <!-- @BeforeTest beforeTestSetup -->
  <testcase name="loginWebAssistIncorrectUserName" time="0.0" classname="webassist.login.LoginTest">
    <ignored/>
  </testcase> <!-- loginWebAssistIncorrectUserName -->
  <testcase name="enterRoleName" time="0.0" classname="webassist.role.RoleTest">
    <ignored/>
  </testcase> <!-- enterRoleName -->
  <testcase name="@AfterTest closeAll" time="0.0" classname="webassist.BaseTest">
    <ignored/>
  </testcase> <!-- @AfterTest closeAll -->
  <testcase name="@AfterTest closeAll" time="0.0" classname="webassist.BaseTest">
    <ignored/>
  </testcase> <!-- @AfterTest closeAll -->
  <testcase name="@BeforeSuite beforeSuiteSetup" time="0.0" classname="webassist.BaseTest">
    <ignored/>
  </testcase> <!-- @BeforeSuite beforeSuiteSetup -->
  <testcase name="@BeforeSuite beforeSuiteSetup" time="0.0" classname="webassist.BaseTest">
    <ignored/>
  </testcase> <!-- @BeforeSuite beforeSuiteSetup -->
</testsuite> <!-- AS Search by PAS -->
