<?xml version="1.0" encoding="UTF-8"?>
<testng-results skipped="0" failed="1" ignored="9" total="12" passed="2">
  <reporter-output>
  </reporter-output>
  <suite name="Execution Test for MATCH" duration-ms="82038" started-at="2019-07-02T13:19:02Z" finished-at="2019-07-02T13:20:24Z">
    <groups>
    </groups>
    <test name="MATCH Test" duration-ms="82038" started-at="2019-07-02T13:19:02Z" finished-at="2019-07-02T13:20:24Z">
      <class name="webassist.match.MatchTest">
        <test-method status="FAIL" signature="MatchTest()[pri:0, instance:webassist.match.MatchTest@204f30ec]" name="MatchTest" duration-ms="46561" started-at="2019-07-02T13:19:32Z" description="Match the Possible match from the List" finished-at="2019-07-02T13:20:19Z">
          <exception class="java.lang.NullPointerException">
            <full-stacktrace>
              <![CDATA[java.lang.NullPointerException
at webassist.applicationflow.match.Match.ChangeRoleToSuper(Match.java:160)
at webassist.applicationflow.match.Match.matchTest(Match.java:73)
at webassist.match.MatchTest.MatchTest(MatchTest.java:16)
at sun.reflect.NativeMethodAccessorImpl.invoke0(Native Method)
at sun.reflect.NativeMethodAccessorImpl.invoke(Unknown Source)
at sun.reflect.DelegatingMethodAccessorImpl.invoke(Unknown Source)
at java.lang.reflect.Method.invoke(Unknown Source)
at org.testng.internal.MethodInvocationHelper.invokeMethod(MethodInvocationHelper.java:124)
at org.testng.internal.Invoker.invokeMethod(Invoker.java:580)
at org.testng.internal.Invoker.invokeTestMethod(Invoker.java:716)
at org.testng.internal.Invoker.invokeTestMethods(Invoker.java:988)
at org.testng.internal.TestMethodWorker.invokeTestMethods(TestMethodWorker.java:125)
at org.testng.internal.TestMethodWorker.run(TestMethodWorker.java:109)
at org.testng.TestRunner.privateRun(TestRunner.java:648)
at org.testng.TestRunner.run(TestRunner.java:505)
at org.testng.SuiteRunner.runTest(SuiteRunner.java:455)
at org.testng.SuiteRunner.runSequentially(SuiteRunner.java:450)
at org.testng.SuiteRunner.privateRun(SuiteRunner.java:415)
at org.testng.SuiteRunner.run(SuiteRunner.java:364)
at org.testng.SuiteRunnerWorker.runSuite(SuiteRunnerWorker.java:52)
at org.testng.SuiteRunnerWorker.run(SuiteRunnerWorker.java:84)
at org.testng.TestNG.runSuitesSequentially(TestNG.java:1208)
at org.testng.TestNG.runSuitesLocally(TestNG.java:1137)
at org.testng.TestNG.runSuites(TestNG.java:1049)
at org.testng.TestNG.run(TestNG.java:1017)
at org.testng.remote.AbstractRemoteTestNG.run(AbstractRemoteTestNG.java:114)
at org.testng.remote.RemoteTestNG.initAndRun(RemoteTestNG.java:251)
at org.testng.remote.RemoteTestNG.main(RemoteTestNG.java:77)
]]>
            </full-stacktrace>
          </exception> <!-- java.lang.NullPointerException -->
          <reporter-output>
          </reporter-output>
        </test-method> <!-- MatchTest -->
        <test-method status="PASS" signature="fetchMostRecentTestResult(org.testng.ITestResult)[pri:0, instance:webassist.match.MatchTest@204f30ec]" name="fetchMostRecentTestResult" is-config="true" duration-ms="3606" started-at="2019-07-02T13:20:19Z" finished-at="2019-07-02T13:20:22Z">
          <params>
            <param index="0">
              <value>
                <![CDATA[[TestResult name=MatchTest status=FAILURE method=MatchTest.MatchTest()[pri:0, instance:webassist.match.MatchTest@204f30ec] output={null}]]]>
              </value>
            </param>
          </params>
          <reporter-output>
          </reporter-output>
        </test-method> <!-- fetchMostRecentTestResult -->
      </class> <!-- webassist.match.MatchTest -->
      <class name="webassist.role.RoleTest">
        <test-method status="PASS" signature="enterRole(java.lang.String)[pri:0, instance:webassist.role.RoleTest@77cd7a0]" name="enterRole" duration-ms="7121" started-at="2019-07-02T13:19:25Z" description="Select desired Role" finished-at="2019-07-02T13:19:32Z">
          <params>
            <param index="0">
              <value>
                <![CDATA[MATCH]]>
              </value>
            </param>
          </params>
          <reporter-output>
          </reporter-output>
        </test-method> <!-- enterRole -->
        <test-method status="PASS" signature="fetchMostRecentTestResult(org.testng.ITestResult)[pri:0, instance:webassist.role.RoleTest@77cd7a0]" name="fetchMostRecentTestResult" is-config="true" duration-ms="0" started-at="2019-07-02T13:19:32Z" finished-at="2019-07-02T13:19:32Z">
          <params>
            <param index="0">
              <value>
                <![CDATA[[TestResult name=enterRole status=SUCCESS method=RoleTest.enterRole(java.lang.String)[pri:0, instance:webassist.role.RoleTest@77cd7a0] output={null}]]]>
              </value>
            </param>
          </params>
          <reporter-output>
          </reporter-output>
        </test-method> <!-- fetchMostRecentTestResult -->
      </class> <!-- webassist.role.RoleTest -->
      <class name="webassist.login.LoginTest">
        <test-method status="PASS" signature="beforeSuiteSetup(org.testng.ITestContext)[pri:0, instance:webassist.login.LoginTest@4667ae56]" name="beforeSuiteSetup" is-config="true" duration-ms="563" started-at="2019-07-02T13:19:01Z" finished-at="2019-07-02T13:19:02Z">
          <params>
            <param index="0">
              <value>
                <![CDATA[org.testng.TestRunner@415e0bcb]]>
              </value>
            </param>
          </params>
          <reporter-output>
          </reporter-output>
        </test-method> <!-- beforeSuiteSetup -->
        <test-method status="PASS" signature="beforeTestSetup(org.testng.ITestContext)[pri:0, instance:webassist.login.LoginTest@4667ae56]" name="beforeTestSetup" is-config="true" duration-ms="7780" started-at="2019-07-02T13:19:02Z" finished-at="2019-07-02T13:19:10Z">
          <params>
            <param index="0">
              <value>
                <![CDATA[org.testng.TestRunner@415e0bcb]]>
              </value>
            </param>
          </params>
          <reporter-output>
          </reporter-output>
        </test-method> <!-- beforeTestSetup -->
        <test-method status="PASS" signature="loginWebAssistCorrect()[pri:0, instance:webassist.login.LoginTest@4667ae56]" name="loginWebAssistCorrect" duration-ms="15327" started-at="2019-07-02T13:19:10Z" description="Login to WebAssist with valid credentials" finished-at="2019-07-02T13:19:25Z">
          <reporter-output>
          </reporter-output>
        </test-method> <!-- loginWebAssistCorrect -->
        <test-method status="PASS" signature="fetchMostRecentTestResult(org.testng.ITestResult)[pri:0, instance:webassist.login.LoginTest@4667ae56]" name="fetchMostRecentTestResult" is-config="true" duration-ms="1" started-at="2019-07-02T13:19:25Z" finished-at="2019-07-02T13:19:25Z">
          <params>
            <param index="0">
              <value>
                <![CDATA[[TestResult name=loginWebAssistCorrect status=SUCCESS method=LoginTest.loginWebAssistCorrect()[pri:0, instance:webassist.login.LoginTest@4667ae56] output={null}]]]>
              </value>
            </param>
          </params>
          <reporter-output>
          </reporter-output>
        </test-method> <!-- fetchMostRecentTestResult -->
        <test-method status="PASS" signature="closeAll()[pri:0, instance:webassist.login.LoginTest@4667ae56]" name="closeAll" is-config="true" duration-ms="1591" started-at="2019-07-02T13:20:22Z" finished-at="2019-07-02T13:20:24Z">
          <reporter-output>
          </reporter-output>
        </test-method> <!-- closeAll -->
      </class> <!-- webassist.login.LoginTest -->
    </test> <!-- MATCH Test -->
  </suite> <!-- Execution Test for MATCH -->
</testng-results>
