<?xml version="1.0" encoding="UTF-8"?>
<!-- Generated by org.testng.reporters.JUnitXMLReporter -->
<testsuite hostname="01HW808506" ignored="9" name="AS Search by TC" tests="6" failures="0" timestamp="05 Aug 2019 08:55:58 GMT" time="119.981" errors="0">
  <testcase name="loginWebAssistCorrect" time="12.486" classname="webassist.login.LoginTest"/>
  <testcase name="enterRole" time="7.7" classname="webassist.role.RoleTest"/>
  <testcase name="ASSearchTestMethodTCClear" time="22.113" classname="webassist.asSearch.ASSearchTCTest"/>
  <testcase name="ASSearchTestMethodTCInvalid" time="26.523" classname="webassist.asSearch.ASSearchTCTest"/>
  <testcase name="ASSearchTestMethodAdminInvalid" time="26.976" classname="webassist.asSearch.ASSearchTCTest"/>
  <testcase name="ASSearchTestMethodTCCorrect" time="7.835" classname="webassist.asSearch.ASSearchTCTest"/>
  <testcase name="loginWebAssistIncorrectPassword" time="0.0" classname="webassist.login.LoginTest">
    <ignored/>
  </testcase> <!-- loginWebAssistIncorrectPassword -->
  <testcase name="@BeforeTest beforeTestSetup" time="0.0" classname="webassist.BaseTest">
    <ignored/>
  </testcase> <!-- @BeforeTest beforeTestSetup -->
  <testcase name="@BeforeTest beforeTestSetup" time="0.0" classname="webassist.BaseTest">
    <ignored/>
  </testcase> <!-- @BeforeTest beforeTestSetup -->
  <testcase name="loginWebAssistIncorrectUserName" time="0.0" classname="webassist.login.LoginTest">
    <ignored/>
  </testcase> <!-- loginWebAssistIncorrectUserName -->
  <testcase name="enterRoleName" time="0.0" classname="webassist.role.RoleTest">
    <ignored/>
  </testcase> <!-- enterRoleName -->
  <testcase name="@AfterTest closeAll" time="0.0" classname="webassist.BaseTest">
    <ignored/>
  </testcase> <!-- @AfterTest closeAll -->
  <testcase name="@AfterTest closeAll" time="0.0" classname="webassist.BaseTest">
    <ignored/>
  </testcase> <!-- @AfterTest closeAll -->
  <testcase name="@BeforeSuite beforeSuiteSetup" time="0.0" classname="webassist.BaseTest">
    <ignored/>
  </testcase> <!-- @BeforeSuite beforeSuiteSetup -->
  <testcase name="@BeforeSuite beforeSuiteSetup" time="0.0" classname="webassist.BaseTest">
    <ignored/>
  </testcase> <!-- @BeforeSuite beforeSuiteSetup -->
</testsuite> <!-- AS Search by TC -->
