<?xml version="1.0" encoding="UTF-8"?>
<!-- Generated by org.testng.reporters.JUnitXMLReporter -->
<testsuite hostname="01HW808506" ignored="9" name="AS Search by TC" tests="6" failures="0" timestamp="19 Jul 2019 07:19:46 GMT" time="105.519" errors="0">
  <testcase name="loginWebAssistCorrect" time="13.305" classname="webassist.login.LoginTest"/>
  <testcase name="enterRole" time="7.585" classname="webassist.role.RoleTest"/>
  <testcase name="ASSearchTestMethodTCClear" time="14.074" classname="webassist.asSearch.ASSearchTCTest"/>
  <testcase name="ASSearchTestMethodTCInvalid" time="25.209" classname="webassist.asSearch.ASSearchTCTest"/>
  <testcase name="ASSearchTestMethodAdminInvalid" time="25.281" classname="webassist.asSearch.ASSearchTCTest"/>
  <testcase name="ASSearchTestMethodTCCorrect" time="7.409" classname="webassist.asSearch.ASSearchTCTest"/>
  <testcase name="loginWebAssistIncorrectPassword" time="0.0" classname="webassist.login.LoginTest">
    <ignored/>
  </testcase> <!-- loginWebAssistIncorrectPassword -->
  <testcase name="@BeforeTest beforeTestSetup" time="0.0" classname="webassist.BaseTest">
    <ignored/>
  </testcase> <!-- @BeforeTest beforeTestSetup -->
  <testcase name="@BeforeTest beforeTestSetup" time="0.0" classname="webassist.BaseTest">
    <ignored/>
  </testcase> <!-- @BeforeTest beforeTestSetup -->
  <testcase name="loginWebAssistIncorrectUserName" time="0.0" classname="webassist.login.LoginTest">
    <ignored/>
  </testcase> <!-- loginWebAssistIncorrectUserName -->
  <testcase name="enterRoleName" time="0.0" classname="webassist.role.RoleTest">
    <ignored/>
  </testcase> <!-- enterRoleName -->
  <testcase name="@AfterTest closeAll" time="0.0" classname="webassist.BaseTest">
    <ignored/>
  </testcase> <!-- @AfterTest closeAll -->
  <testcase name="@AfterTest closeAll" time="0.0" classname="webassist.BaseTest">
    <ignored/>
  </testcase> <!-- @AfterTest closeAll -->
  <testcase name="@BeforeSuite beforeSuiteSetup" time="0.0" classname="webassist.BaseTest">
    <ignored/>
  </testcase> <!-- @BeforeSuite beforeSuiteSetup -->
  <testcase name="@BeforeSuite beforeSuiteSetup" time="0.0" classname="webassist.BaseTest">
    <ignored/>
  </testcase> <!-- @BeforeSuite beforeSuiteSetup -->
</testsuite> <!-- AS Search by TC -->
